2022-07-01T18:00:52.838Z [my-bank-api] info: Api started
2022-07-01T18:01:02.055Z [my-bank-api] info: Api started
2022-07-01T18:01:38.478Z [my-bank-api] info: Api started
2022-07-01T18:02:28.712Z [my-bank-api] info: Api started
2022-07-01T18:03:38.373Z [my-bank-api] info: Post /account - {"id":1,"name":"Luix","ballance":40022550}
2022-07-01T18:04:16.993Z [my-bank-api] info: Api started
2022-07-01T18:04:16.997Z [my-bank-api] info: aquivo accounts.json Criado 
2022-07-01T18:04:22.253Z [my-bank-api] info: Api started
2022-07-01T18:04:26.701Z [my-bank-api] info: Api started
2022-07-01T18:04:27.690Z [my-bank-api] info: Api started
2022-07-01T18:04:38.711Z [my-bank-api] info: aquivo accounts.json Criado 
2022-07-01T18:05:03.328Z [my-bank-api] info: Api started
2022-07-01T18:05:07.435Z [my-bank-api] info: Api started
2022-07-01T18:06:12.253Z [my-bank-api] info: Post /account - {"id":1,"name":"Lucas Perer","ballance":40022550}
2022-07-01T18:06:15.973Z [my-bank-api] info: Get /account - Consulta de Contas
2022-07-01T18:08:38.591Z [my-bank-api] info: Api started
2022-07-01T18:08:44.847Z [my-bank-api] info: Post /account - {"id":2,"name":"Lucas Perer","ballance":40022550}
2022-07-01T18:08:45.663Z [my-bank-api] info: Post /account - {"id":3,"name":"Lucas Perer","ballance":40022550}
2022-07-01T18:08:46.436Z [my-bank-api] info: Post /account - {"id":4,"name":"Lucas Perer","ballance":40022550}
2022-07-01T18:08:47.161Z [my-bank-api] info: Post /account - {"id":5,"name":"Lucas Perer","ballance":40022550}
2022-07-01T18:08:51.004Z [my-bank-api] info: Get /account - Consulta de Contas
2022-07-01T18:08:58.074Z [my-bank-api] info: Post /account - {"id":6,"name":"Lucas Perer","ballance":40022550}
2022-07-01T18:08:59.066Z [my-bank-api] info: Post /account - {"id":7,"name":"Lucas Perer","ballance":40022550}
2022-07-01T18:08:59.082Z [my-bank-api] info: Post /account - {"id":8,"name":"Lucas Perer","ballance":40022550}
2022-07-01T18:08:59.766Z [my-bank-api] info: Post /account - {"id":9,"name":"Lucas Perer","ballance":40022550}
2022-07-01T18:09:00.346Z [my-bank-api] info: Post /account - {"id":10,"name":"Lucas Perer","ballance":40022550}
2022-07-01T18:10:49.557Z [my-bank-api] info: Api started
2022-07-01T18:12:49.509Z [my-bank-api] info: Api started
2022-07-01T18:12:59.080Z [my-bank-api] info: Api started
2022-07-01T18:13:52.423Z [my-bank-api] info: Api started
2022-07-01T18:15:18.022Z [my-bank-api] info: Api started
2022-07-01T18:15:35.570Z [my-bank-api] info: Api started
2022-07-01T18:15:42.137Z [my-bank-api] info: PUT /account - {"id":5,"name":"Lucas Pereira do Carmo","ballance":3500}
2022-07-01T18:15:51.420Z [my-bank-api] info: POST /account/deposit - Valor:1000
2022-07-01T18:15:56.555Z [my-bank-api] info: Delete /account  ID:8
2022-07-01T18:16:04.562Z [my-bank-api] info: Get /account - Consulta de Contas
2022-07-01T18:17:32.459Z [my-bank-api] info: Api started
2022-07-01T18:17:33.175Z [my-bank-api] info: GET ID /account -  {"id":3,"name":"Lucas Perer","ballance":40023550}
2022-07-01T18:17:43.175Z [my-bank-api] info: GET ID /account -  undefined
2022-07-01T18:17:49.068Z [my-bank-api] info: GET ID /account -  undefined
2022-07-01T18:17:49.979Z [my-bank-api] info: GET ID /account -  undefined
2022-07-01T18:17:53.221Z [my-bank-api] info: GET ID /account -  {"id":9,"name":"Lucas Perer","ballance":40022550}
2022-07-01T18:18:04.145Z [my-bank-api] info: GET ID /account -  undefined
2022-07-01T18:18:20.557Z [my-bank-api] info: Api started
2022-07-01T18:18:27.884Z [my-bank-api] info: Post /account - {"id":11,"name":"Lucas Perer","ballance":40022550}
2022-07-01T18:18:31.615Z [my-bank-api] info: Get /account - Consulta de Contas
2022-07-01T18:18:37.514Z [my-bank-api] info: GET ID /account -  {"id":3,"name":"Lucas Perer","ballance":40023550}
2022-07-01T18:18:51.469Z [my-bank-api] info: Delete /account  ID:1
2022-07-01T18:19:00.738Z [my-bank-api] info: PUT /account - {"id":5,"name":"Lucas Pereira do Carmo","ballance":3500}
2022-07-01T18:19:03.646Z [my-bank-api] info: POST /account/deposit - Valor:1000
2022-07-01T18:19:08.630Z [my-bank-api] info: Delete /account  ID:1
2022-07-01T18:19:10.335Z [my-bank-api] info: Delete /account  ID:1
2022-07-01T18:19:10.997Z [my-bank-api] info: Delete /account  ID:1
2022-07-01T19:02:12.880Z [my-bank-api] info: Api started
2022-07-01T19:26:47.828Z [my-bank-api] info: Api started
2022-07-01T19:27:45.089Z [my-bank-api] info: Api started
2022-07-01T19:28:44.006Z [my-bank-api] info: Api started
2022-07-01T19:28:53.775Z [my-bank-api] info: Api started
2022-07-01T19:32:03.754Z [my-bank-api] info: Api started
2022-07-01T19:35:12.561Z [my-bank-api] info: Api started
2022-07-01T19:35:45.371Z [my-bank-api] info: Api started
2022-07-01T19:36:33.737Z [my-bank-api] info: GET ID /account -  undefined
2022-07-01T19:37:13.612Z [my-bank-api] info: GET ID /account -  undefined
2022-07-01T19:39:01.398Z [my-bank-api] info: Get /account - Consulta de Contas
2022-07-01T19:45:10.180Z [my-bank-api] info: Api started
2022-07-01T19:46:29.170Z [my-bank-api] info: Post /account - {"id":12,"name":"Lucas Perer","ballance":40022550}
2022-07-01T19:46:35.160Z [my-bank-api] info: GET ID /account -  undefined
2022-07-01T19:46:38.499Z [my-bank-api] info: Get /account - Consulta de Contas
2022-07-01T19:47:23.036Z [my-bank-api] info: Get /account - Consulta de Contas
2022-07-01T19:47:25.033Z [my-bank-api] info: Get /account - Consulta de Contas
